app/seeds.txt
com.monkeyliu.smartfocusdemo.R$styleable: int SearchView_searchHintIcon
com.monkeyliu.smartfocusdemo.R$attr: int ttcIndex
com.monkeyliu.smartfocusdemo.R$color: int background_floating_material_dark
com.monkeyliu.smartfocusdemo.R$color: int tooltip_background_light
com.monkeyliu.smartfocusdemo.R$id: int textSpacerNoButtons
com.monkeyliu.smartfocusdemo.R$id: int tag_accessibility_heading
com.monkeyliu.smartfocusdemo.R$color: int button_material_dark
com.monkeyliu.smartfocusdemo.R$styleable: int AlertDialog_showTitle
com.monkeyliu.smartfocusdemo.R$style: int Base_TextAppearance_Widget_AppCompat_ExpandedMenu_Item
com.monkeyliu.smartfocusdemo.R$styleable: int AppCompatTheme_actionBarItemBackground
com.monkeyliu.smartfocusdemo.R$style: int Widget_AppCompat_SearchView
com.monkeyliu.smartfocusdemo.R$style: int Base_Widget_AppCompat_Light_PopupMenu
com.monkeyliu.smartfocusdemo.R$dimen: int tooltip_corner_radius
com.monkeyliu.smartfocusdemo.R$style: int Widget_AppCompat_CompoundButton_CheckBox
com.monkeyliu.smartfocusdemo.R$mipmap: int ic_launcher_round
com.monkeyliu.smartfocusdemo.R$styleable: int ActionBar_background
com.monkeyliu.smartfocusdemo.R$dimen: int abc_search_view_preferred_width
com.monkeyliu.smartfocusdemo.R$styleable: int PopupWindow_android_popupAnimationStyle
com.monkeyliu.smartfocusdemo.R$attr: int listPreferredItemHeight
com.monkeyliu.smartfocusdemo.R$styleable: int AppCompatTheme_imageButtonStyle
com.monkeyliu.smartfocusdemo.R$styleable: int FontFamilyFont_fontStyle
com.monkeyliu.smartfocusdemo.R$color: int bright_foreground_disabled_material_dark
com.monkeyliu.smartfocusdemo.R$color: int highlighted_text_material_dark
com.monkeyliu.smartfocusdemo.R$layout: int abc_search_view
com.monkeyliu.smartfocusdemo.R$style: int Base_TextAppearance_AppCompat_Headline
com.monkeyliu.smartfocusdemo.R$attr: int navigationIcon
com.monkeyliu.smartfocusdemo.R$color: int dim_foreground_material_light
com.monkeyliu.smartfocusdemo.R$color: int color_yellow
com.monkeyliu.smartfocusdemo.R$style: int Base_TextAppearance_AppCompat_Body1
com.monkeyliu.smartfocusdemo.R$style: int Base_V22_Theme_AppCompat_Light
com.monkeyliu.smartfocusdemo.R$id: int line3
com.monkeyliu.smartfocusdemo.R$styleable: int TextAppearance_android_textColor
com.monkeyliu.smartfocusdemo.R$style: int ThemeOverlay_AppCompat_Dark
com.monkeyliu.smartfocusdemo.R$styleable: int Toolbar_navigationIcon
com.monkeyliu.smartfocusdemo.R$style: int Widget_AppCompat_Light_ListView_DropDown
com.monkeyliu.smartfocusdemo.R$id: int showTitle
com.monkeyliu.smartfocusdemo.R$layout: int notification_template_custom_big
com.monkeyliu.smartfocusdemo.R$styleable: int AppCompatTheme_colorAccent
com.monkeyliu.smartfocusdemo.R$styleable: int AppCompatTheme_windowFixedHeightMajor
com.monkeyliu.smartfocusdemo.R$style: int Base_TextAppearance_AppCompat_Subhead
com.monkeyliu.smartfocusdemo.R$styleable: int AppCompatTheme_alertDialogButtonGroupStyle
com.monkeyliu.smartfocusdemo.R$styleable: int MenuItem_android_titleCondensed
com.monkeyliu.smartfocusdemo.R$styleable: int SearchView_searchIcon
com.monkeyliu.smartfocusdemo.R$anim: int abc_grow_fade_in_from_bottom
com.monkeyliu.smartfocusdemo.R$drawable: int abc_ic_menu_share_mtrl_alpha
com.monkeyliu.smartfocusdemo.R$layout: int abc_select_dialog_material
com.monkeyliu.smartfocusdemo.R$styleable: int Toolbar_navigationContentDescription
com.monkeyliu.smartfocusdemo.R$style: int Widget_AppCompat_Light_ActionMode_Inverse
com.monkeyliu.smartfocusdemo.R$interpolator: int btn_checkbox_checked_mtrl_animation_interpolator_1
com.monkeyliu.smartfocusdemo.R$styleable: int AppCompatTheme_checkboxStyle
com.monkeyliu.smartfocusdemo.R$dimen: int compat_control_corner_material
com.monkeyliu.smartfocusdemo.R$anim: int btn_checkbox_to_checked_box_inner_merged_animation
com.monkeyliu.smartfocusdemo.R$styleable: int StateListDrawable_android_visible
com.monkeyliu.smartfocusdemo.R$attr: int menu
com.monkeyliu.smartfocusdemo.R$attr: int alertDialogCenterButtons
...
androidx.legacy.coreui.R$dimen: int notification_action_text_size
androidx.asynclayoutinflater.R$style: int TextAppearance_Compat_Notification_Time
androidx.databinding.library.baseAdapters.R$drawable: int abc_cab_background_top_mtrl_alpha
androidx.viewpager.widget.ViewPager: int getCurrentItem()
androidx.core.widget.NestedScrollView: void addView(android.view.View,android.view.ViewGroup$LayoutParams)
androidx.appcompat.app.AlertDialog$Builder: AlertDialog$Builder(android.content.Context)
androidx.loader.content.ModernAsyncTask$InternalHandler: ModernAsyncTask$InternalHandler()
androidx.swiperefreshlayout.widget.SwipeRefreshLayout$5: void onAnimationEnd(android.view.animation.Animation)
androidx.appcompat.widget.DropDownListView: int mMotionPosition
com.monkeyliu.smartfocus.R$style: int Widget_AppCompat_Light_PopupMenu
androidx.appcompat.view.menu.MenuBuilder$Callback
com.monkeyliu.smartfocus.R$dimen: int notification_top_pad_large_text
androidx.lifecycle.LifecycleEventObserver: void onStateChanged(androidx.lifecycle.LifecycleOwner,androidx.lifecycle.Lifecycle$Event)
androidx.recyclerview.widget.StaggeredGridLayoutManager: androidx.recyclerview.widget.StaggeredGridLayoutManager$Span[] mSpans
androidx.recyclerview.widget.ItemTouchHelper: android.view.VelocityTracker mVelocityTracker
androidx.recyclerview.widget.SortedList$BatchedCallback: int compare(java.lang.Object,java.lang.Object)
io.reactivex.internal.util.NotificationLite: java.lang.Object error(java.lang.Throwable)
androidx.appcompat.R$color: int material_blue_grey_950
com.trello.rxlifecycle2.components.R$integer: R$integer()
androidx.viewpager.R$id: int notification_background
androidx.drawerlayout.widget.DrawerLayout: androidx.customview.widget.ViewDragHelper mLeftDragger
com.monkeyliu.smartfocus.R$styleable: int AppCompatTheme_actionBarSplitStyle
androidx.databinding.adapters.ViewBindingAdapter: int FADING_EDGE_NONE
androidx.fragment.app.FragmentTransitionImpl: boolean containedBeforeIndex(java.util.List,android.view.View,int)
androidx.viewpager.widget.ViewPager: void populate()
androidx.recyclerview.widget.RecyclerView$LayoutManager: int getRightDecorationWidth(android.view.View)
com.monkeyliu.smartfocus.R$attr: int actionBarStyle
androidx.legacy.coreui.R$dimen: int notification_media_narrow_margin
androidx.documentfile.provider.SingleDocumentFile: android.net.Uri mUri
androidx.legacy.app.ActionBarDrawerToggle: void onConfigurationChanged(android.content.res.Configuration)
androidx.recyclerview.widget.RecyclerView$LayoutManager: boolean performAccessibilityActionForItem(androidx.recyclerview.widget.RecyclerView$Recycler,androidx.recyclerview.widget.RecyclerView$State,android.view.View,int,android.os.Bundle)
androidx.recyclerview.widget.RecyclerView$Recycler: java.util.ArrayList mAttachedScrap
androidx.annotation.InspectableProperty: java.lang.String name()
androidx.appcompat.app.ToolbarActionBar: int getTabCount()
androidx.databinding.library.baseAdapters.R$attr: int actionModePopupWindowStyle
androidx.appcompat.widget.AppCompatTextHelper
androidx.appcompat.R$attr: int divider
androidx.appcompat.widget.Toolbar$ExpandedActionViewMenuPresenter: boolean flagActionItems()
androidx.appcompat.app.WindowDecorActionBar: androidx.appcompat.widget.ScrollingTabContainerView mTabScrollView
androidx.documentfile.provider.DocumentsContractApi19: int queryForInt(android.content.Context,android.net.Uri,java.lang.String,int)
androidx.appcompat.R$style: int Base_Widget_AppCompat_ActionBar_TabView
androidx.viewpager.widget.PagerTabStrip: int mTouchSlop
androidx.fragment.app.BackStackState$1: androidx.fragment.app.BackStackState createFromParcel(android.os.Parcel)
androidx.legacy.coreui.R$id: int time
androidx.recyclerview.widget.ViewBoundsCheck: int CVS_PVS_POS
androidx.appcompat.widget.AppCompatEditText: androidx.appcompat.widget.AppCompatTextHelper mTextHelper
androidx.viewpager.widget.ViewPager: int mPageMargin