app/mapping.txt
# compiler: R8
# compiler_version: 2.0.88
# min_api: 15
# pg_map_id: 4cbbe0f
# common_typos_disable
com.monkeyliu.smartfocusdemo.DataBinderMapperImpl -> com.monkeyliu.smartfocusdemo.DataBinderMapperImpl:
    android.util.SparseIntArray INTERNAL_LAYOUT_ID_LOOKUP -> a
    1:1:void <clinit>():26:26 -> <clinit>
    2:3:void <clinit>():29:30 -> <clinit>
    1:1:void <init>():21:21 -> <init>
    1:2:java.util.List collectDependencies():93:94 -> collectDependencies
    1:1:java.lang.String convertBrIdToString(int):87:87 -> convertBrIdToString
    1:1:androidx.databinding.ViewDataBinding getDataBinder(androidx.databinding.DataBindingComponent,android.view.View,int):35:35 -> getDataBinder
    2:2:androidx.databinding.ViewDataBinding getDataBinder(androidx.databinding.DataBindingComponent,android.view.View,int):37:37 -> getDataBinder
    3:4:androidx.databinding.ViewDataBinding getDataBinder(androidx.databinding.DataBindingComponent,android.view.View,int):49:50 -> getDataBinder
    5:5:androidx.databinding.ViewDataBinding getDataBinder(androidx.databinding.DataBindingComponent,android.view.View,int):52:52 -> getDataBinder
    6:7:androidx.databinding.ViewDataBinding getDataBinder(androidx.databinding.DataBindingComponent,android.view.View,int):43:44 -> getDataBinder
    8:8:androidx.databinding.ViewDataBinding getDataBinder(androidx.databinding.DataBindingComponent,android.view.View,int):46:46 -> getDataBinder
    9:9:androidx.databinding.ViewDataBinding getDataBinder(androidx.databinding.DataBindingComponent,android.view.View,int):39:39 -> getDataBinder
com.monkeyliu.smartfocusdemo.DataBinderMapperImpl$InnerBrLookup -> com.monkeyliu.smartfocusdemo.DataBinderMapperImpl$a:
    android.util.SparseArray sKeys -> a
    1:1:void <clinit>():99:99 -> <clinit>
    2:5:void <clinit>():102:105 -> <clinit>
com.monkeyliu.smartfocusdemo.DataBinderMapperImpl$InnerLayoutIdLookup -> com.monkeyliu.smartfocusdemo.DataBinderMapperImpl$b:
    java.util.HashMap sKeys -> a
    1:1:void <clinit>():110:110 -> <clinit>
    2:3:void <clinit>():113:114 -> <clinit>
com.monkeyliu.smartfocusdemo.databinding.ActivityFocusBinding -> com.monkeyliu.smartfocusdemo.databinding.ActivityFocusBinding:
    com.monkeyliu.smartfocusdemo.modelview.Person mPerson -> c
    com.monkeyliu.smartfocusdemo.model.User mUserInfo -> b
    com.monkeyliu.smartfocus.AutoFocusFrameLayout focusFramelayout -> a
    1:2:void <init>(java.lang.Object,android.view.View,int,com.monkeyliu.smartfocus.AutoFocusFrameLayout,android.widget.LinearLayout,android.widget.LinearLayout,android.widget.LinearLayout):42:43 -> <init>
    void setPerson(com.monkeyliu.smartfocusdemo.modelview.Person) -> b
    void setUserInfo(com.monkeyliu.smartfocusdemo.model.User) -> c
...
com.google.gson.internal.bind.ObjectTypeAdapter -> a.a.a.b.l.h:
    com.google.gson.TypeAdapterFactory FACTORY -> b
    com.google.gson.Gson gson -> a
    1:1:void <clinit>():38:38 -> <clinit>
    1:2:void <init>(com.google.gson.Gson):50:51 -> <init>
    1:2:java.lang.Object read(com.google.gson.stream.JsonReader):55:56 -> read
    3:3:java.lang.Object read(com.google.gson.stream.JsonReader):89:89 -> read
    4:4:java.lang.Object read(com.google.gson.stream.JsonReader):85:85 -> read
    5:5:java.lang.Object read(com.google.gson.stream.JsonReader):82:82 -> read
    6:6:java.lang.Object read(com.google.gson.stream.JsonReader):79:79 -> read
    7:7:java.lang.Object read(com.google.gson.stream.JsonReader):76:76 -> read
    8:11:java.lang.Object read(com.google.gson.stream.JsonReader):67:70 -> read
    12:12:java.lang.Object read(com.google.gson.stream.JsonReader):72:72 -> read
    13:16:java.lang.Object read(com.google.gson.stream.JsonReader):58:61 -> read
    17:17:java.lang.Object read(com.google.gson.stream.JsonReader):63:63 -> read
    1:1:void write(com.google.gson.stream.JsonWriter,java.lang.Object):96:96 -> write
    2:5:void write(com.google.gson.stream.JsonWriter,java.lang.Object):100:103 -> write
    6:6:void write(com.google.gson.stream.JsonWriter,java.lang.Object):107:107 -> write
com.google.gson.internal.bind.ObjectTypeAdapter$1 -> a.a.a.b.l.h$a:
    1:1:void <init>():38:38 -> <init>
    1:2:com.google.gson.TypeAdapter create(com.google.gson.Gson,com.google.gson.reflect.TypeToken):41:42 -> create
com.google.gson.internal.bind.ObjectTypeAdapter$2 -> a.a.a.b.l.h$b:
    int[] $SwitchMap$com$google$gson$stream$JsonToken -> a
    1:1:void <clinit>():56:56 -> <clinit>
com.google.gson.internal.bind.ReflectiveTypeAdapterFactory -> a.a.a.b.l.i:
    com.google.gson.internal.Excluder excluder -> c
    com.google.gson.internal.ConstructorConstructor constructorConstructor -> a
    com.google.gson.FieldNamingStrategy fieldNamingPolicy -> b
    com.google.gson.internal.bind.JsonAdapterAnnotationTypeAdapterFactory jsonAdapterFactory -> d
    1:5:void <init>(com.google.gson.internal.ConstructorConstructor,com.google.gson.FieldNamingStrategy,com.google.gson.internal.Excluder,com.google.gson.internal.bind.JsonAdapterAnnotationTypeAdapterFactory):55:59 -> <init>
    1:1:com.google.gson.internal.bind.ReflectiveTypeAdapterFactory$BoundField createBoundField(com.google.gson.Gson,java.lang.reflect.Field,java.lang.String,com.google.gson.reflect.TypeToken,boolean,boolean):106:106 -> a
    2:2:com.google.gson.internal.bind.ReflectiveTypeAdapterFactory$BoundField createBoundField(com.google.gson.Gson,java.lang.reflect.Field,java.lang.String,com.google.gson.reflect.TypeToken,boolean,boolean):108:108 -> a
    3:3:com.google.gson.internal.bind.ReflectiveTypeAdapterFactory$BoundField createBoundField(com.google.gson.Gson,java.lang.reflect.Field,java.lang.String,com.google.gson.reflect.TypeToken,boolean,boolean):111:111 -> a
    4:4:com.google.gson.internal.bind.ReflectiveTypeAdapterFactory$BoundField createBoundField(com.google.gson.Gson,java.lang.reflect.Field,java.lang.String,com.google.gson.reflect.TypeToken,boolean,boolean):115:115 -> a