app/unused.txt
com.monkeyliu.smartfocusdemo.BR
com.monkeyliu.smartfocusdemo.databinding.ActivityFocusBinding:
    public static com.monkeyliu.smartfocusdemo.databinding.ActivityFocusBinding inflate(android.view.LayoutInflater,android.view.ViewGroup,boolean)
    public static com.monkeyliu.smartfocusdemo.databinding.ActivityFocusBinding inflate(android.view.LayoutInflater,android.view.ViewGroup,boolean,java.lang.Object)
    public static com.monkeyliu.smartfocusdemo.databinding.ActivityFocusBinding inflate(android.view.LayoutInflater)
    public static com.monkeyliu.smartfocusdemo.databinding.ActivityFocusBinding inflate(android.view.LayoutInflater,java.lang.Object)
    public static com.monkeyliu.smartfocusdemo.databinding.ActivityFocusBinding bind(android.view.View)
    public static com.monkeyliu.smartfocusdemo.databinding.ActivityFocusBinding bind(android.view.View,java.lang.Object)
    public com.monkeyliu.smartfocusdemo.model.User getUserInfo()
    public com.monkeyliu.smartfocusdemo.modelview.MainEvent getPerson()
com.monkeyliu.smartfocusdemo.DataBinderMapperImpl$InnerBrLookup:
    private void <init>()
com.monkeyliu.smartfocusdemo.retrofit.ApiUrl
com.monkeyliu.smartfocusdemo.view.util.ClickDown
com.monkeyliu.smartfocusdemo.retrofit.Constans
com.monkeyliu.smartfocusdemo.retrofit.Utils.BaseObserver
com.monkeyliu.smartfocusdemo.retrofit.Utils.RxHelper
com.monkeyliu.smartfocusdemo.DataBinderMapperImpl$InnerLayoutIdLookup:
    private void <init>()
com.monkeyliu.smartfocusdemo.retrofit.bean.Demo
com.monkeyliu.smartfocusdemo.retrofit.RequestUtils
com.monkeyliu.smartfocusdemo.retrofit.bean.Bean$DemoBean
com.monkeyliu.smartfocusdemo.retrofit.Utils.RxExceptionUtil
com.monkeyliu.smartfocusdemo.R
com.monkeyliu.smartfocusdemo.view.util.SdcardConfig:
    public void initSdcard()
com.monkeyliu.smartfocusdemo.view.util.SPUtil:
    public void saveLanguage(int)
com.monkeyliu.smartfocusdemo.retrofit.Utils.LogInterceptor
com.monkeyliu.smartfocusdemo.retrofit.Utils.RxHelper$3
com.monkeyliu.smartfocusdemo.retrofit.Utils.MyObserver
com.monkeyliu.smartfocusdemo.DataBindingInfo
com.monkeyliu.smartfocusdemo.BuildConfig
com.monkeyliu.smartfocusdemo.DataBinderMapperImpl:
    private static final int LAYOUT_ACTIVITYFOCUS
    private static final int LAYOUT_TITLELAYOUT
com.monkeyliu.smartfocusdemo.retrofit.Utils.RxHelper$2
com.monkeyliu.smartfocusdemo.retrofit.bean.Bean
com.monkeyliu.smartfocusdemo.databinding.TitleLayoutBinding:
    public static com.monkeyliu.smartfocusdemo.databinding.TitleLayoutBinding inflate(android.view.LayoutInflater,android.view.ViewGroup,boolean)
    public static com.monkeyliu.smartfocusdemo.databinding.TitleLayoutBinding inflate(android.view.LayoutInflater,android.view.ViewGroup,boolean,java.lang.Object)
    public static com.monkeyliu.smartfocusdemo.databinding.TitleLayoutBinding inflate(android.view.LayoutInflater)
    public static com.monkeyliu.smartfocusdemo.databinding.TitleLayoutBinding inflate(android.view.LayoutInflater,java.lang.Object)
    public static com.monkeyliu.smartfocusdemo.databinding.TitleLayoutBinding bind(android.view.View)
    public static com.monkeyliu.smartfocusdemo.databinding.TitleLayoutBinding bind(android.view.View,java.lang.Object)
    public abstract void setTitle(com.monkeyliu.smartfocusdemo.model.Title)
    public com.monkeyliu.smartfocusdemo.model.Title getTitle()
com.monkeyliu.smartfocusdemo.view.util.LogUtils
com.monkeyliu.smartfocusdemo.retrofit.Utils.RetrofitUtils
com.monkeyliu.smartfocusdemo.retrofit.Utils.BaseResponse
com.monkeyliu.smartfocusdemo.retrofit.Utils.RxHelper$1
com.monkeyliu.smartfocusdemo.databinding.ActivityFocusBinding:
    public final android.widget.LinearLayout linearlayout1
    public final android.widget.LinearLayout linearlayout2
    public final android.widget.LinearLayout linearlayout3
com.monkeyliu.smartfocusdemo.view.application.CrashHandler:
    public android.content.Context context
    public static final java.lang.String TAG
...
io.reactivex.internal.operators.flowable.FlowableTakeUntilPredicate$InnerSubscriber
io.reactivex.internal.operators.single.SingleZipArray$ZipSingleObserver
io.reactivex.internal.operators.observable.ObservableTakeLast
io.reactivex.internal.operators.maybe.MaybeEqualSingle
io.reactivex.internal.operators.observable.ObservableBufferBoundarySupplier$BufferBoundaryObserver
io.reactivex.internal.operators.completable.CompletableMergeDelayErrorArray
io.reactivex.internal.operators.flowable.FlowableReplay$Node
retrofit2.http.Path
io.reactivex.internal.operators.completable.CompletableFromSingle
io.reactivex.internal.operators.flowable.FlowableDoOnLifecycle$SubscriptionLambdaSubscriber
io.reactivex.internal.operators.observable.ObservableLastSingle$LastObserver
io.reactivex.functions.LongConsumer
io.reactivex.internal.operators.observable.ObservablePublishSelector$TargetObserver
io.reactivex.internal.operators.maybe.MaybeMergeArray
io.reactivex.schedulers.Schedulers$ComputationTask
com.monkeyliu.smartfocus.DrawableFocusBorder
io.reactivex.Scheduler$PeriodicDirectTask
com.trello.rxlifecycle2.android.RxLifecycleAndroid$1
io.reactivex.internal.operators.flowable.FlowableElementAtMaybe
io.reactivex.parallel.ParallelFlowable
io.reactivex.internal.functions.Functions$EmptyLongConsumer
retrofit2.ParameterHandler$RawPart
io.reactivex.internal.schedulers.SchedulerWhen$DelayedAction
io.reactivex.internal.operators.observable.ObservablePublish$PublishSource
okhttp3.internal.cache2.FileOperator
io.reactivex.internal.operators.maybe.MaybeTakeUntilMaybe
io.reactivex.internal.operators.observable.ObservableSampleWithObservable
io.reactivex.internal.operators.observable.ObservableCombineLatest$LatestCoordinator
io.reactivex.internal.functions.Functions$ActionConsumer
io.reactivex.internal.operators.single.SingleDelayWithCompletable$OtherObserver
io.reactivex.disposables.SerialDisposable
io.reactivex.internal.operators.flowable.FlowableSingle
retrofit2.ParameterHandler$Query
io.reactivex.internal.functions.Functions$Array9Func
io.reactivex.internal.functions.Functions$BooleanSupplierPredicateReverse
io.reactivex.internal.operators.single.SingleFromCallable
okio.GzipSource
io.reactivex.internal.operators.flowable.FlowableDelay$DelaySubscriber$OnComplete
io.reactivex.internal.functions.Functions$Array4Func
io.reactivex.internal.functions.Functions$CastToClass
io.reactivex.internal.schedulers.SchedulerWhen$ScheduledAction
okhttp3.internal.http2.Http2Connection$Listener
io.reactivex.internal.operators.flowable.FlowableCreate$NoOverflowBaseAsyncEmitter
io.reactivex.internal.operators.observable.ObservableSkipUntil$SkipUntilObserver
io.reactivex.internal.operators.observable.ObservableTake
com.monkeyliu.smartfocus.BuildConfig
io.reactivex.internal.operators.observable.ObservableMapNotification$MapNotificationObserver
io.reactivex.internal.operators.flowable.FlowableGroupJoin$LeftRightEndSubscriber
com.trello.rxlifecycle2.components.RxFragment
io.reactivex.internal.observers.ForEachWhileObserver
io.reactivex.internal.operators.flowable.FlowableSingleMaybe
okhttp3.ResponseBody
io.reactivex.internal.operators.flowable.FlowableReplay$ReplayBuffer
io.reactivex.internal.operators.observable.ObservableZipIterable$ZipIterableObserver
io.reactivex.internal.operators.observable.ObservableTimeout$TimeoutInnerObserver
io.reactivex.internal.operators.completable.CompletableConcatArray
com.jakewharton.retrofit2.adapter.rxjava2.ResultObservable$ResultObserver
io.reactivex.schedulers.Timed
io.reactivex.internal.operators.flowable.FlowableHide
io.reactivex.internal.schedulers.SchedulerWhen$CreateWorkerFunction
io.reactivex.internal.util.OpenHashSet
io.reactivex.internal.operators.flowable.FlowableUnsubscribeOn$UnsubscribeSubscriber
io.reactivex.internal.operators.maybe.MaybeFlatMapSingleElement$FlatMapSingleObserver
io.reactivex.internal.operators.flowable.FlowableFlatMapCompletableCompletable$FlatMapCompletableMainSubscriber